<?xml version="1.0" encoding="UTF-8"?>
<!-- Generated by org.testng.reporters.JUnitReportReporter -->
<testsuite hostname="DESKTOP-41OIGO1" failures="0" tests="2" name="testrunner.TestRunner" time="36.230" errors="0" timestamp="14 Jun 2021 08:54:09 GMT" skipped="0">
  <testcase classname="testrunner.TestRunner" name="runScenario" time="18.662"/>
  <testcase classname="testrunner.TestRunner" name="runScenario" time="17.568"/>
</testsuite> <!-- testrunner.TestRunner -->
